{"level":"info","message":{"ip":"::1","method":"POST","url":"/api/auth/login"},"timestamp":"2026-02-17T11:25:25.389Z"}
{"level":"info","message":{"ip":"::1","method":"GET","url":"/api/notifications/unread-count"},"timestamp":"2026-02-17T11:25:25.560Z"}
{"level":"info","message":{"ip":"::1","method":"GET","url":"/api/analytics/dashboard"},"timestamp":"2026-02-17T11:25:25.861Z"}
{"level":"info","message":{"ip":"::1","method":"GET","url":"/api/analytics/dashboard"},"timestamp":"2026-02-17T11:25:29.412Z"}
{"level":"info","message":{"ip":"::1","method":"GET","url":"/api/shipments"},"timestamp":"2026-02-17T11:25:32.216Z"}
{"level":"info","message":{"ip":"::1","method":"GET","url":"/api/drivers"},"timestamp":"2026-02-17T11:25:33.731Z"}
{"level":"info","message":{"ip":"::1","method":"GET","url":"/api/dispatch"},"timestamp":"2026-02-17T11:25:33.732Z"}
{"level":"info","message":{"ip":"::1","method":"GET","url":"/api/shipments"},"timestamp":"2026-02-17T11:25:33.733Z"}
{"level":"info","message":{"ip":"::1","method":"GET","url":"/api/shipments"},"timestamp":"2026-02-17T11:25:34.603Z"}
{"level":"info","message":{"ip":"::1","method":"GET","url":"/api/drivers"},"timestamp":"2026-02-17T11:25:34.604Z"}
{"level":"info","message":{"ip":"::1","method":"GET","url":"/api/drivers"},"timestamp":"2026-02-17T11:25:35.476Z"}
{"level":"info","message":{"ip":"::1","method":"GET","url":"/api/notifications/unread-count"},"timestamp":"2026-02-17T11:25:56.525Z"}
{"level":"info","message":{"ip":"::1","method":"GET","url":"/api/notifications/unread-count"},"timestamp":"2026-02-17T11:26:27.525Z"}
{"level":"info","message":{"ip":"::1","method":"GET","url":"/api/notifications/unread-count"},"timestamp":"2026-02-17T11:26:58.522Z"}
{"level":"info","message":{"ip":"::1","method":"POST","url":"/api/auth/register"},"timestamp":"2026-02-17T17:13:34.109Z"}
{"level":"info","message":{"ip":"::1","method":"GET","url":"/api/auth/verify-email?token=bab03b2fa7baeb5280233e546ae2d909ce3a002166739f6f0e5077dd3a349853"},"timestamp":"2026-02-17T17:14:19.297Z"}
{"level":"info","message":{"ip":"::1","method":"POST","url":"/api/auth/login"},"timestamp":"2026-02-17T17:14:44.663Z"}
{"level":"info","message":{"ip":"::1","method":"GET","url":"/api/notifications/unread-count"},"timestamp":"2026-02-17T17:14:45.143Z"}
{"level":"info","message":{"ip":"::1","method":"GET","url":"/api/analytics/dashboard"},"timestamp":"2026-02-17T17:14:45.384Z"}
{"level":"info","message":{"ip":"::1","method":"GET","url":"/api/analytics/dashboard"},"timestamp":"2026-02-17T17:14:49.626Z"}
{"level":"info","message":{"ip":"::1","method":"GET","url":"/api/shipments"},"timestamp":"2026-02-17T17:14:50.829Z"}
{"level":"info","message":{"ip":"::1","method":"GET","url":"/api/drivers"},"timestamp":"2026-02-17T17:14:53.448Z"}
{"level":"info","message":{"ip":"::1","method":"GET","url":"/api/dispatch"},"timestamp":"2026-02-17T17:14:53.456Z"}
{"level":"info","message":{"ip":"::1","method":"GET","url":"/api/shipments"},"timestamp":"2026-02-17T17:14:53.466Z"}
{"level":"info","message":{"ip":"::1","method":"GET","url":"/api/shipments"},"timestamp":"2026-02-17T17:14:55.205Z"}
{"level":"info","message":{"ip":"::1","method":"GET","url":"/api/drivers"},"timestamp":"2026-02-17T17:14:55.210Z"}
{"level":"info","message":{"ip":"::1","method":"GET","url":"/api/drivers"},"timestamp":"2026-02-17T17:14:56.227Z"}
{"level":"info","message":{"ip":"::1","method":"GET","url":"/api/notifications"},"timestamp":"2026-02-17T17:14:57.759Z"}
{"level":"info","message":{"ip":"::1","method":"GET","url":"/api/analytics/dashboard"},"timestamp":"2026-02-17T17:14:59.128Z"}
{"level":"info","message":{"ip":"::1","method":"GET","url":"/api/shipments"},"timestamp":"2026-02-17T17:15:00.431Z"}
{"level":"info","message":{"ip":"::1","method":"GET","url":"/api/drivers"},"timestamp":"2026-02-17T17:15:01.606Z"}
{"level":"info","message":{"ip":"::1","method":"GET","url":"/api/dispatch"},"timestamp":"2026-02-17T17:15:01.611Z"}
{"level":"info","message":{"ip":"::1","method":"GET","url":"/api/shipments"},"timestamp":"2026-02-17T17:15:01.618Z"}
{"level":"info","message":{"ip":"::1","method":"GET","url":"/api/shipments"},"timestamp":"2026-02-17T17:15:02.984Z"}
{"level":"info","message":{"ip":"::1","method":"GET","url":"/api/drivers"},"timestamp":"2026-02-17T17:15:02.989Z"}
{"level":"info","message":{"ip":"::1","method":"GET","url":"/api/drivers"},"timestamp":"2026-02-17T17:15:03.949Z"}
{"level":"info","message":{"ip":"::1","method":"GET","url":"/api/notifications"},"timestamp":"2026-02-17T17:15:04.880Z"}
